Arguments: 
  C:\Program Files\nodejs\node.exe C:\Program Files (x86)\Yarn\bin\yarn.js install

PATH: 
  C:\Users\sc\bin;C:\Program Files\Git\mingw64\bin;C:\Program Files\Git\usr\local\bin;C:\Program Files\Git\usr\bin;C:\Program Files\Git\usr\bin;C:\Program Files\Git\mingw64\bin;C:\Program Files\Git\usr\bin;C:\Users\sc\bin;C:\Program Files\ImageMagick-7.0.4-Q16;C:\Windows\system32;C:\Windows;C:\Windows\System32\Wbem;C:\Windows\System32\WindowsPowerShell\v1.0;C:\Program Files (x86)\NVIDIA Corporation\PhysX\Common;C:\WINDOWS\system32;C:\WINDOWS;C:\WINDOWS\System32\Wbem;C:\WINDOWS\System32\WindowsPowerShell\v1.0;C:\Program Files\OpenVPN\bin;C:\Program Files (x86)\Skype\Phone;C:\Program Files (x86)\Windows Kits\8.1\Windows Performance Toolkit;C:\Program Files\OpenSSH\bin;C:\Program Files\PuTTY;C:\Program Files\nodejs;C:\WINDOWS\system32;C:\WINDOWS;C:\WINDOWS\System32\Wbem;C:\WINDOWS\System32\WindowsPowerShell\v1.0;C:\Program Files\GDAL;C:\Program Files (x86)\Yarn\bin;C:\Users\sc\AppData\Local\Programs\Python\Python35-32\Scripts;C:\Users\sc\AppData\Local\Programs\Python\Python35-32;C:\Users\sc\AppData\Local\atom\bin;C:\Users\sc\AppData\Local\Microsoft\WindowsApps;C:\Users\sc\AppData\Roaming\npm;C:\OSGeo4W64\bin;C:\Program Files\Microsoft VS Code\bin;C:\Users\sc\AppData\Local\Yarn\bin;C:\Python27;C:\Python27\Scripts;C:\Program Files\Git\usr\bin\vendor_perl;C:\Program Files\Git\usr\bin\core_perl

Yarn version: 
  1.3.2

Node version: 
  8.9.0

Platform: 
  win32 x64

npm manifest: 
  {
    "name": "reactexample",
    "version": "1.0.0",
    "description": "basic reactJS ",
    "main": "index.js",
    "scripts": {
      "start": "npm run build",
      "build": "webpack -d && cp client-src/index.html client-dist/index.html && webpack-dev-server --content-base client-dist/ --inline --hot --history-api-fallback",
      "build:prod": "webpack -p && cp client-src/index.html client-dist/index.html",
      "server": "nodemon --abort-on-uncaught-exception server-src/server.js"
    },
    "keywords": [
      "reactjs"
    ],
    "author": "Shaun Cullen",
    "license": "MIT",
    "dependencies": {
      "@mapbox/mapbox-gl-draw": "^1.0.3",
      "aws-sdk": "^2.147.0",
      "axios": "^0.16.2",
      "body-parser": "^1.18.2",
      "coordinator": "^0.5.0",
      "express": "^4.16.2",
      "express-rate-limit": "^2.9.0",
      "jsonlint-lines": "^1.7.1",
      "leaflet": "^1.2.0",
      "leaflet-draw": "^0.4.12",
      "leaflet-imageoverlay-rotated": "^0.1.2",
      "leaflet.utm": "0.0.4",
      "mapbox-gl": "^0.42.0",
      "multer": "^1.3.0",
      "react": "^15.6.2",
      "react-dom": "^15.6.2",
      "react-leaflet": "^1.7.3",
      "react-leaflet-draw": "^0.16.0",
      "react-mapbox-gl": "^2.7.1",
      "react-mapbox-gl-draw": "^1.0.3",
      "react-redux": "^5.0.6",
      "react-router": "^3.2.0",
      "redux": "^3.7.2",
      "redux-logger": "^2.10.2",
      "redux-promise-middleware": "^4.4.2",
      "redux-thunk": "^2.2.0",
      "utm": "^1.1.1",
      "utm-latlng": "^1.0.3",
      "xml2js": "^0.4.19"
    },
    "devDependencies": {
      "babel-core": "^6.26.0",
      "babel-loader": "^6.2.10",
      "babel-preset-es2015": "^6.22.0",
      "babel-preset-react": "^6.22.0",
      "babel-preset-stage-2": "^6.22.0",
      "css-loader": "^0.28.7",
      "file-loader": "^1.1.5",
      "node-sass": "^4.5.3",
      "nodemon": "^1.12.1",
      "sass-loader": "^6.0.6",
      "style-loader": "^0.18.2",
      "webpack": "^2.2.1",
      "webpack-dev-server": "^2.9.1"
    }
  }

yarn manifest: 
  No manifest

Lockfile: 
  No lockfile

Trace: 
  Error: EPERM: operation not permitted, unlink 'E:\Development\sentinel2-timelapse\node_modules\node-sass\vendor\win32-x64-57\binding.node'
